<?xml version="1.0" encoding="UTF-8"?>
<testng-results skipped="0" failed="0" ignored="0" total="1" passed="1">
  <reporter-output>
  </reporter-output>
  <suite name="Default suite" duration-ms="63" started-at="2021-05-10T09:57:09 IST" finished-at="2021-05-10T09:57:09 IST">
    <groups>
    </groups>
    <test name="Default test" duration-ms="63" started-at="2021-05-10T09:57:09 IST" finished-at="2021-05-10T09:57:09 IST">
      <class name="com.Test_Ng.Verification_SoftAssert">
        <test-method status="PASS" signature="demoSoftAssert()[pri:0, instance:com.Test_Ng.Verification_SoftAssert@2d6eabae]" name="demoSoftAssert" duration-ms="16" started-at="2021-05-10T09:57:09 IST" finished-at="2021-05-10T09:57:09 IST">
          <reporter-output>
          </reporter-output>
        </test-method> <!-- demoSoftAssert -->
      </class> <!-- com.Test_Ng.Verification_SoftAssert -->
    </test> <!-- Default test -->
  </suite> <!-- Default suite -->
</testng-results>
